2016-02-09T00:07:26+00:00 DEBUG (7): Exception message: package with this name does not exist and cannot be set.
Trace: #0 /home4/newfireg/public_html/store1/app/code/core/Mage/Core/Model/Abstract.php(316): Mage_Adminhtml_Model_System_Config_Backend_Design_Package->_beforeSave()
#1 /home4/newfireg/public_html/store1/app/code/core/Mage/Core/Model/Resource/Transaction.php(151): Mage_Core_Model_Abstract->save()
#2 /home4/newfireg/public_html/store1/app/code/core/Mage/Adminhtml/Model/Config/Data.php(206): Mage_Core_Model_Resource_Transaction->save()
#3 /home4/newfireg/public_html/store1/app/code/core/Mage/Adminhtml/controllers/System/ConfigController.php(165): Mage_Adminhtml_Model_Config_Data->save()
#4 /home4/newfireg/public_html/store1/app/code/core/Mage/Core/Controller/Varien/Action.php(418): Mage_Adminhtml_System_ConfigController->saveAction()
#5 /home4/newfireg/public_html/store1/app/code/core/Mage/Core/Controller/Varien/Router/Standard.php(250): Mage_Core_Controller_Varien_Action->dispatch('save')
#6 /home4/newfireg/public_html/store1/app/code/core/Mage/Core/Controller/Varien/Front.php(172): Mage_Core_Controller_Varien_Router_Standard->match(Object(Mage_Core_Controller_Request_Http))
#7 /home4/newfireg/public_html/store1/app/code/core/Mage/Core/Model/App.php(354): Mage_Core_Controller_Varien_Front->dispatch()
#8 /home4/newfireg/public_html/store1/app/Mage.php(684): Mage_Core_Model_App->run(Array)
#9 /home4/newfireg/public_html/store1/index.php(87): Mage::run('', 'store')
#10 {main}
2016-02-09T00:07:40+00:00 DEBUG (7): Exception message: package name is empty.
Trace: #0 /home4/newfireg/public_html/store1/app/code/core/Mage/Core/Model/Abstract.php(316): Mage_Adminhtml_Model_System_Config_Backend_Design_Package->_beforeSave()
#1 /home4/newfireg/public_html/store1/app/code/core/Mage/Core/Model/Resource/Transaction.php(151): Mage_Core_Model_Abstract->save()
#2 /home4/newfireg/public_html/store1/app/code/core/Mage/Adminhtml/Model/Config/Data.php(206): Mage_Core_Model_Resource_Transaction->save()
#3 /home4/newfireg/public_html/store1/app/code/core/Mage/Adminhtml/controllers/System/ConfigController.php(165): Mage_Adminhtml_Model_Config_Data->save()
#4 /home4/newfireg/public_html/store1/app/code/core/Mage/Core/Controller/Varien/Action.php(418): Mage_Adminhtml_System_ConfigController->saveAction()
#5 /home4/newfireg/public_html/store1/app/code/core/Mage/Core/Controller/Varien/Router/Standard.php(250): Mage_Core_Controller_Varien_Action->dispatch('save')
#6 /home4/newfireg/public_html/store1/app/code/core/Mage/Core/Controller/Varien/Front.php(172): Mage_Core_Controller_Varien_Router_Standard->match(Object(Mage_Core_Controller_Request_Http))
#7 /home4/newfireg/public_html/store1/app/code/core/Mage/Core/Model/App.php(354): Mage_Core_Controller_Varien_Front->dispatch()
#8 /home4/newfireg/public_html/store1/app/Mage.php(684): Mage_Core_Model_App->run(Array)
#9 /home4/newfireg/public_html/store1/index.php(87): Mage::run('', 'store')
#10 {main}
